<?xml version="1.0" encoding="UTF-8"?>
<!-- Generated by org.testng.reporters.JUnitReportReporter -->
<testsuite skipped="0" hostname="Imtiaz" name="com.xpath.SeleniunTechnique" tests="1" failures="0" timestamp="12 May 2019 06:02:11 GMT" time="42.797" errors="0">
  <testcase name="dropDownList" time="42.797" classname="com.xpath.SeleniunTechnique"/>
</testsuite> <!-- com.xpath.SeleniunTechnique -->
