<?xml version="1.0" encoding="UTF-8"?>
<!-- Generated by org.testng.reporters.JUnitReportReporter -->
<testsuite skipped="0" hostname="Imtiaz" name="com.selenium.practice.WebTable_Rediff" tests="1" failures="0" timestamp="08 Aug 2020 04:25:30 GMT" time="22.158" errors="0">
  <testcase name="webTableTest" time="22.158" classname="com.selenium.practice.WebTable_Rediff"/>
</testsuite> <!-- com.selenium.practice.WebTable_Rediff -->
