<?xml version="1.0" encoding="UTF-8"?>
<!-- Generated by org.testng.reporters.JUnitReportReporter -->
<testsuite skipped="0" hostname="Imtiaz" name="com.selenium.practice.BrowserPopUps" tests="1" failures="0" timestamp="12 Sep 2020 05:19:18 GMT" time="6.817" errors="0">
  <testcase name="browserPopUpsTest" time="6.817" classname="com.selenium.practice.BrowserPopUps"/>
</testsuite> <!-- com.selenium.practice.BrowserPopUps -->
