<?xml version="1.0" encoding="UTF-8"?>
<!-- Generated by org.testng.reporters.JUnitReportReporter -->
<testsuite skipped="0" hostname="Imtiaz" name="com.selenium.practice.isDisplayedTest" tests="1" failures="0" timestamp="25 Nov 2019 06:13:55 GMT" time="18.984" errors="0">
  <testcase name="isDisplayed" time="18.984" classname="com.selenium.practice.isDisplayedTest"/>
</testsuite> <!-- com.selenium.practice.isDisplayedTest -->
