<?xml version="1.0" encoding="UTF-8"?>
<!-- Generated by org.testng.reporters.JUnitReportReporter -->
<testsuite skipped="0" hostname="Imtiaz" name="com.selenium.practice.ArrayListConcept" tests="1" failures="0" timestamp="28 May 2019 07:33:14 GMT" time="30.525" errors="0">
  <testcase name="mainTest" time="30.525" classname="com.selenium.practice.ArrayListConcept"/>
</testsuite> <!-- com.selenium.practice.ArrayListConcept -->
