<?xml version="1.0" encoding="UTF-8"?>
<!-- Generated by org.testng.reporters.JUnitReportReporter -->
<testsuite skipped="0" hostname="Imtiaz" name="com.selenium.practice.PopUps" tests="1" failures="0" timestamp="02 Oct 2020 06:17:36 GMT" time="18.350" errors="0">
  <testcase name="popUpsTest" time="18.350" classname="com.selenium.practice.PopUps"/>
</testsuite> <!-- com.selenium.practice.PopUps -->
