<?xml version="1.0" encoding="UTF-8"?>
<!-- Generated by org.testng.reporters.JUnitReportReporter -->
<testsuite skipped="0" hostname="Imtiaz" name="com.selenium.practice.ClsDropDown" tests="1" failures="0" timestamp="03 Sep 2020 02:12:23 GMT" time="56.756" errors="0">
  <testcase name="dropDownTest" time="56.756" classname="com.selenium.practice.ClsDropDown"/>
</testsuite> <!-- com.selenium.practice.ClsDropDown -->
