<?xml version="1.0" encoding="UTF-8"?>
<!-- Generated by org.testng.reporters.JUnitReportReporter -->
<testsuite skipped="0" hostname="Imtiaz" name="com.selenium.practice.Links" tests="1" failures="0" timestamp="10 Jun 2020 07:06:53 GMT" time="89.381" errors="0">
  <testcase name="linkTest" time="89.381" classname="com.selenium.practice.Links"/>
</testsuite> <!-- com.selenium.practice.Links -->
