<?xml version="1.0" encoding="UTF-8"?>
<!-- Generated by org.testng.reporters.JUnitReportReporter -->
<testsuite skipped="0" hostname="Imtiaz" name="com.selenium.practice.RadioButton" tests="1" failures="0" timestamp="12 Mar 2020 10:11:06 GMT" time="31.108" errors="0">
  <testcase name="radioButton" time="31.108" classname="com.selenium.practice.RadioButton"/>
</testsuite> <!-- com.selenium.practice.RadioButton -->
