<?xml version="1.0" encoding="UTF-8"?>
<!-- Generated by org.testng.reporters.JUnitReportReporter -->
<testsuite skipped="0" hostname="Imtiaz" name="com.xpath.Xpath" tests="1" failures="0" timestamp="05 May 2019 04:27:38 GMT" time="22.582" errors="0">
  <testcase name="test" time="22.582" classname="com.xpath.Xpath"/>
</testsuite> <!-- com.xpath.Xpath -->
