<?xml version="1.0" encoding="UTF-8"?>
<!-- Generated by org.testng.reporters.JUnitReportReporter -->
<testsuite skipped="0" hostname="Imtiaz" name="com.selenium.practice.DropDown" tests="1" failures="0" timestamp="05 Oct 2019 03:36:14 GMT" time="21.187" errors="0">
  <testcase name="dropDown" time="21.187" classname="com.selenium.practice.DropDown"/>
</testsuite> <!-- com.selenium.practice.DropDown -->
